<?xml version="1.0" encoding="UTF-8"?>
<!-- Generated by org.testng.reporters.JUnitReportReporter -->
<testsuite skipped="1" hostname="DESKTOP-71MVPRD" name="FrameworkTestNg.AnnotationsKeywords" tests="4" failures="0" timestamp="2022-08-10T19:37:33 IST" time="2.025" errors="0">
  <testcase name="test4" time="0.002" classname="FrameworkTestNg.AnnotationsKeywords"/>
  <system-out/>
  <testcase name="test2" time="0.011" classname="FrameworkTestNg.AnnotationsKeywords"/>
  <system-out/>
  <testcase name="test1" time="2.012" classname="FrameworkTestNg.AnnotationsKeywords"/>
  <system-out/>
  <testcase name="test3" classname="FrameworkTestNg.AnnotationsKeywords">
    <skipped/>
  </testcase> <!-- test3 -->
  <system-out/>
</testsuite> <!-- FrameworkTestNg.AnnotationsKeywords -->
