<?xml version="1.0" encoding="UTF-8"?>
<!-- Generated by org.testng.reporters.JUnitReportReporter -->
<testsuite skipped="2" hostname="DESKTOP-71MVPRD" name="FrameworkTestNg.TableAutomation" tests="3" failures="0" timestamp="2022-08-26T22:00:44 IST" time="84.296" errors="0">
  <testcase name="forMaxPrice" time="84.296" classname="FrameworkTestNg.TableAutomation"/>
  <system-out/>
  <testcase name="forTableHeaders" classname="FrameworkTestNg.TableAutomation">
    <skipped/>
  </testcase> <!-- forTableHeaders -->
  <system-out/>
  <testcase name="forOneElement" classname="FrameworkTestNg.TableAutomation">
    <skipped/>
  </testcase> <!-- forOneElement -->
  <system-out/>
</testsuite> <!-- FrameworkTestNg.TableAutomation -->
