<?xml version="1.0" encoding="UTF-8"?>
<!-- Generated by org.testng.reporters.JUnitReportReporter -->
<testsuite skipped="0" hostname="DESKTOP-71MVPRD" name="FrameworkTestNg.Annotations" tests="1" failures="0" timestamp="2022-08-10T20:18:42 IST" time="0.000" errors="0">
  <testcase name="test1" time="0.000" classname="FrameworkTestNg.Annotations"/>
  <system-out/>
</testsuite> <!-- FrameworkTestNg.Annotations -->
