<?xml version="1.0" encoding="UTF-8"?>
<!-- Generated by org.testng.reporters.JUnitReportReporter -->
<testsuite skipped="0" hostname="DESKTOP-71MVPRD" name="FrameworkTestNg.Dataproviders" tests="3" failures="0" timestamp="2022-08-27T14:43:53 IST" time="0.013" errors="0">
  <testcase name="dp" time="0.009" classname="FrameworkTestNg.Dataproviders"/>
  <system-out/>
  <testcase name="dp" time="0.003" classname="FrameworkTestNg.Dataproviders"/>
  <system-out/>
  <testcase name="dp" time="0.001" classname="FrameworkTestNg.Dataproviders"/>
  <system-out/>
</testsuite> <!-- FrameworkTestNg.Dataproviders -->
