<?xml version="1.0" encoding="UTF-8"?>
<!-- Generated by org.testng.reporters.JUnitReportReporter -->
<testsuite skipped="0" hostname="DESKTOP-71MVPRD" name="FrameworkTestNg.Sting_StringBuffer_StringBuilder" tests="3" failures="0" timestamp="2022-08-27T14:21:32 IST" time="0.016" errors="0">
  <testcase name="String" time="0.016" classname="FrameworkTestNg.Sting_StringBuffer_StringBuilder"/>
  <system-out/>
  <testcase name="StringBuilder" time="0.000" classname="FrameworkTestNg.Sting_StringBuffer_StringBuilder"/>
  <system-out/>
  <testcase name="StringBuffer" time="0.000" classname="FrameworkTestNg.Sting_StringBuffer_StringBuilder"/>
  <system-out/>
</testsuite> <!-- FrameworkTestNg.Sting_StringBuffer_StringBuilder -->
