<?xml version="1.0" encoding="UTF-8"?>
<!-- Generated by org.testng.reporters.JUnitReportReporter -->
<testsuite skipped="1" hostname="DESKTOP-71MVPRD" name="FrameworkTestNg.Assertions" tests="2" failures="0" timestamp="2022-08-19T21:50:04 IST" time="12.150" errors="0">
  <testcase name="softAssert" time="12.150" classname="FrameworkTestNg.Assertions"/>
  <system-out/>
  <testcase name="hardAssert" classname="FrameworkTestNg.Assertions">
    <skipped/>
  </testcase> <!-- hardAssert -->
  <system-out/>
</testsuite> <!-- FrameworkTestNg.Assertions -->
